<?xml version="1.0" encoding="UTF-8"?>
<!-- Generated by org.testng.reporters.JUnitReportReporter -->
<testsuite skipped="0" hostname="US-5CG9243VPL" name="Demootest.Testone" tests="1" failures="0" timestamp="09 Dec 2020 19:48:24 GMT" time="17.857" errors="0">
  <testcase name="test" time="17.857" classname="Demootest.Testone"/>
</testsuite> <!-- Demootest.Testone -->
